<?xml version="1.0" encoding="UTF-8" ?>
<testsuite tests="6" failures="0" name="com.bbva.cap2.dto.dto.test.DataInTest" time="0.008" errors="0" skipped="0">
  <properties>
    <property name="java.runtime.name" value="Java(TM) SE Runtime Environment"/>
    <property name="sun.boot.library.path" value="C:\Users\kluna\Downloads\IDE_APX_win64\tools\jdk-1.8\jre\bin"/>
    <property name="java.vm.version" value="25.91-b15"/>
    <property name="java.vm.vendor" value="Oracle Corporation"/>
    <property name="maven.multiModuleProjectDirectory" value="C:\Users\kluna\Downloads\IDE_APX_win64\workspace\UF_rutaG_CAP2"/>
    <property name="java.vendor.url" value="http://java.oracle.com/"/>
    <property name="path.separator" value=";"/>
    <property name="guice.disable.misplaced.annotation.check" value="true"/>
    <property name="java.vm.name" value="Java HotSpot(TM) 64-Bit Server VM"/>
    <property name="file.encoding.pkg" value="sun.io"/>
    <property name="user.script" value=""/>
    <property name="user.country" value="CO"/>
    <property name="sun.java.launcher" value="SUN_STANDARD"/>
    <property name="sun.os.patch.level" value=""/>
    <property name="java.vm.specification.name" value="Java Virtual Machine Specification"/>
    <property name="user.dir" value="C:\Users\kluna\Downloads\IDE_APX_win64\workspace\UF_rutaG_CAP2"/>
    <property name="java.runtime.version" value="1.8.0_91-b15"/>
    <property name="java.awt.graphicsenv" value="sun.awt.Win32GraphicsEnvironment"/>
    <property name="java.endorsed.dirs" value="C:\Users\kluna\Downloads\IDE_APX_win64\tools\jdk-1.8\jre\lib\endorsed"/>
    <property name="os.arch" value="amd64"/>
    <property name="java.io.tmpdir" value="C:\Users\kluna\AppData\Local\Temp\"/>
    <property name="line.separator" value="
"/>
    <property name="java.vm.specification.vendor" value="Oracle Corporation"/>
    <property name="user.variant" value=""/>
    <property name="os.name" value="Windows 10"/>
    <property name="classworlds.conf" value="C:\Users\kluna\Downloads\IDE_APX_win64\workspace\.metadata\.plugins\org.eclipse.m2e.launching\launches\m2conf365792683681203034.tmp"/>
    <property name="sun.jnu.encoding" value="Cp1252"/>
    <property name="java.library.path" value="C:\Users\kluna\Downloads\IDE_APX_win64\tools\jdk-1.8\bin;C:\windows\Sun\Java\bin;C:\windows\system32;C:\windows;C:/Users/kluna/Downloads/IDE_APX_win64/tools/jdk-1.8/jre/bin/server;C:/Users/kluna/Downloads/IDE_APX_win64/tools/jdk-1.8/jre/bin;C:/Users/kluna/Downloads/IDE_APX_win64/tools/jdk-1.8/jre/lib/amd64;C:\Users\kluna\Downloads\IDE_APX_win64\tools\jdk-1.8\bin;C:\Users\kluna\Downloads\IDE_APX_win64\tools\apache-maven-3.3.9\bin;C:\Program Files (x86)\Common Files\Oracle\Java\javapath;C:\windows\system32;C:\windows;C:\windows\System32\Wbem;C:\windows\System32\WindowsPowerShell\v1.0\;C:\windows\System32\OpenSSH\;C:\Program Files\TortoiseSVN\bin;C:\Users\kluna\AppData\Local\Microsoft\WindowsApps;C:\Users\kluna\AppData\Local\Programs\Git\cmd;C:\Users\kluna\AppData\Local\Programs\Microsoft VS Code\bin;C:\Users\kluna\Downloads\IDE_APX_win64\eclipse;;."/>
    <property name="java.specification.name" value="Java Platform API Specification"/>
    <property name="java.class.version" value="52.0"/>
    <property name="sun.management.compiler" value="HotSpot 64-Bit Tiered Compilers"/>
    <property name="os.version" value="10.0"/>
    <property name="user.home" value="C:\Users\kluna"/>
    <property name="user.timezone" value="America/Bogota"/>
    <property name="java.awt.printerjob" value="sun.awt.windows.WPrinterJob"/>
    <property name="java.specification.version" value="1.8"/>
    <property name="file.encoding" value="Cp1252"/>
    <property name="user.name" value="kluna"/>
    <property name="java.class.path" value="C:\Users\kluna\Downloads\IDE_APX_win64\eclipse\..\tools\apache-maven-3.3.9\boot\plexus-classworlds-2.5.2.jar"/>
    <property name="java.vm.specification.version" value="1.8"/>
    <property name="sun.arch.data.model" value="64"/>
    <property name="java.home" value="C:\Users\kluna\Downloads\IDE_APX_win64\tools\jdk-1.8\jre"/>
    <property name="sun.java.command" value="org.codehaus.plexus.classworlds.launcher.Launcher -B -gs C:\Users\kluna\Downloads\IDE_APX_win64\tools\apache-maven-3.3.9\conf\settings.xml install"/>
    <property name="java.specification.vendor" value="Oracle Corporation"/>
    <property name="user.language" value="es"/>
    <property name="awt.toolkit" value="sun.awt.windows.WToolkit"/>
    <property name="java.vm.info" value="mixed mode"/>
    <property name="java.version" value="1.8.0_91"/>
    <property name="java.ext.dirs" value="C:\Users\kluna\Downloads\IDE_APX_win64\tools\jdk-1.8\jre\lib\ext;C:\windows\Sun\Java\lib\ext"/>
    <property name="sun.boot.class.path" value="C:\Users\kluna\Downloads\IDE_APX_win64\tools\jdk-1.8\jre\lib\resources.jar;C:\Users\kluna\Downloads\IDE_APX_win64\tools\jdk-1.8\jre\lib\rt.jar;C:\Users\kluna\Downloads\IDE_APX_win64\tools\jdk-1.8\jre\lib\sunrsasign.jar;C:\Users\kluna\Downloads\IDE_APX_win64\tools\jdk-1.8\jre\lib\jsse.jar;C:\Users\kluna\Downloads\IDE_APX_win64\tools\jdk-1.8\jre\lib\jce.jar;C:\Users\kluna\Downloads\IDE_APX_win64\tools\jdk-1.8\jre\lib\charsets.jar;C:\Users\kluna\Downloads\IDE_APX_win64\tools\jdk-1.8\jre\lib\jfr.jar;C:\Users\kluna\Downloads\IDE_APX_win64\tools\jdk-1.8\jre\classes"/>
    <property name="java.vendor" value="Oracle Corporation"/>
    <property name="maven.home" value="C:\Users\kluna\Downloads\IDE_APX_win64\workspace\UF_rutaG_CAP2\..\tools\apache-maven-3.3.9"/>
    <property name="file.separator" value="\"/>
    <property name="java.vendor.url.bug" value="http://bugreport.sun.com/bugreport/"/>
    <property name="sun.cpu.endian" value="little"/>
    <property name="sun.io.unicode.encoding" value="UnicodeLittle"/>
    <property name="sun.desktop" value="windows"/>
    <property name="sun.cpu.isalist" value="amd64"/>
  </properties>
  <testcase classname="com.bbva.cap2.dto.dto.test.DataInTest" name="testHashCode" time="0.007"/>
  <testcase classname="com.bbva.cap2.dto.dto.test.DataInTest" name="testString" time="0"/>
  <testcase classname="com.bbva.cap2.dto.dto.test.DataInTest" name="testHashCodeNull" time="0"/>
  <testcase classname="com.bbva.cap2.dto.dto.test.DataInTest" name="testEquals" time="0"/>
  <testcase classname="com.bbva.cap2.dto.dto.test.DataInTest" name="testHashCodeFail" time="0.001"/>
  <testcase classname="com.bbva.cap2.dto.dto.test.DataInTest" name="testToStringFail" time="0"/>
</testsuite>